INFO:root:Setting up driver
INFO:root:Setting up driver
INFO:root:Getting CoinMarketCap webpage
INFO:root:Getting columns
INFO:root:Setting up driver
INFO:root:Getting CoinMarketCap webpage
INFO:root:Getting columns
INFO:root:Setting up driver
INFO:root:Getting CoinMarketCap webpage
INFO:root:Getting columns
INFO:root:Setting up driver
INFO:root:Setting up driver
INFO:root:Getting CoinMarketCap webpage
INFO:root:Getting CoinMarketCap webpage
INFO:root:Getting columns
INFO:root:Getting columns
INFO:root:Setting up driver
INFO:root:Getting CoinMarketCap webpage
INFO:root:Getting columns
ERROR:root:Column button not found
INFO:root:Setting up driver
INFO:root:Getting CoinMarketCap webpage
INFO:root:Getting columns
ERROR:root:Column button not found
INFO:root:Setting up driver
INFO:root:Getting CoinMarketCap webpage
INFO:root:Getting columns
INFO:root:Setting up driver
INFO:root:Getting CoinMarketCap webpage
INFO:root:Getting columns
INFO:root:Setting up driver
INFO:root:Getting CoinMarketCap webpage
INFO:root:Getting columns
INFO:root:Setting up driver
INFO:root:Getting CoinMarketCap webpage
INFO:root:Getting columns
INFO:root:Setting up driver
INFO:root:Getting CoinMarketCap webpage
INFO:root:waiting column panel
INFO:root:Setting up driver
INFO:root:Getting CoinMarketCap webpage
INFO:root:waiting column panel
INFO:root:Setting up driver
INFO:root:Getting CoinMarketCap webpage
INFO:root:waiting column panel
INFO:root:Setting up driver
INFO:root:Getting CoinMarketCap webpage
INFO:root:waiting column panel
INFO:root:Setting up driver
INFO:root:Getting CoinMarketCap webpage
INFO:root:waiting for cookies banner
WARNING:root:Cookies didnt show up
INFO:root:waiting column panel
INFO:root:Setting up driver
INFO:root:Getting CoinMarketCap webpage
INFO:root:waiting column panel
WARNING:root:Cookies didnt show up
WARNING:root:Cookies didnt show up
INFO:root:Setting up driver
INFO:root:Getting CoinMarketCap webpage
INFO:root:waiting column panel
WARNING:root:Cookies didnt show up
WARNING:root:Cookies didnt show up
WARNING:root:Cookies didnt show up
WARNING:root:Cookies didnt show up
WARNING:root:Cookies didnt show up
INFO:root:Setting up driver
INFO:root:Getting CoinMarketCap webpage
INFO:root:waiting column panel
WARNING:root:Cookies didnt show up
WARNING:root:Cookies didnt show up
WARNING:root:Cookies didnt show up
WARNING:root:Cookies didnt show up
WARNING:root:Cookies didnt show up
INFO:root:Setting up driver
INFO:root:Getting CoinMarketCap webpage
INFO:root:waiting column panel
WARNING:root:Cookies didnt show up
WARNING:root:Cookies didnt show up
WARNING:root:Cookies didnt show up
WARNING:root:Cookies didnt show up
INFO:root:Setting up driver
INFO:root:Getting CoinMarketCap webpage
INFO:root:waiting column panel
WARNING:root:Cookies didnt show up
WARNING:root:Cookies didnt show up
WARNING:root:Cookies didnt show up
INFO:root:Setting up driver
INFO:root:Getting CoinMarketCap webpage
INFO:root:waiting column panel
WARNING:root:Cookies didnt show up
WARNING:root:Cookies didnt show up
WARNING:root:Cookies didnt show up
WARNING:root:Cookies didnt show up
INFO:root:Setting up driver
INFO:root:Getting CoinMarketCap webpage
INFO:root:waiting column panel
WARNING:root:Cookies didnt show up
WARNING:root:Cookies didnt show up
WARNING:root:Cookies didnt show up
WARNING:root:Cookies didnt show up
WARNING:root:Cookies didnt show up
INFO:root:Setting up driver
INFO:root:Getting CoinMarketCap webpage
INFO:root:waiting column panel
WARNING:root:Cookies didnt show up
WARNING:root:Cookies didnt show up
WARNING:root:Cookies didnt show up
WARNING:root:Cookies didnt show up
WARNING:root:Cookies didnt show up
INFO:root:waiting filter panel
ERROR:root:Error in filters panel
INFO:root:Setting up driver
INFO:root:Getting CoinMarketCap webpage
INFO:root:waiting column panel
WARNING:root:Cookies didnt show up
WARNING:root:Cookies didnt show up
WARNING:root:Cookies didnt show up
WARNING:root:Cookies didnt show up
WARNING:root:Cookies didnt show up
INFO:root:waiting filter panel
ERROR:root:Error in filters panel
INFO:root:Setting up driver
INFO:root:Getting CoinMarketCap webpage
INFO:root:waiting column panel
WARNING:root:Cookies didnt show up
WARNING:root:Cookies didnt show up
WARNING:root:Cookies didnt show up
WARNING:root:Cookies didnt show up
WARNING:root:Cookies didnt show up
INFO:root:waiting filter panel
ERROR:root:Error in filters panel
INFO:root:Setting up driver
INFO:root:Getting CoinMarketCap webpage
INFO:root:waiting column panel
WARNING:root:Cookies didnt show up
WARNING:root:Cookies didnt show up
WARNING:root:Cookies didnt show up
WARNING:root:Cookies didnt show up
WARNING:root:Cookies didnt show up
INFO:root:waiting filter panel
ERROR:root:Error in filters panel
INFO:root:Setting up driver
INFO:root:Getting CoinMarketCap webpage
INFO:root:waiting column panel
WARNING:root:Cookies didnt show up
WARNING:root:Cookies didnt show up
WARNING:root:Cookies didnt show up
WARNING:root:Cookies didnt show up
WARNING:root:Cookies didnt show up
INFO:root:waiting filter panel
ERROR:root:Error in filters panel
INFO:root:Setting up driver
INFO:root:Getting CoinMarketCap webpage
INFO:root:waiting column panel
WARNING:root:Cookies didnt show up
WARNING:root:Cookies didnt show up
WARNING:root:Cookies didnt show up
WARNING:root:Cookies didnt show up
WARNING:root:Cookies didnt show up
INFO:root:waiting filter panel
WARNING:root:Cookies didnt show up
ERROR:root:Error in filters panel
INFO:root:Setting up driver
INFO:root:Getting CoinMarketCap webpage
INFO:root:waiting column panel
WARNING:root:Cookies didnt show up
WARNING:root:Cookies didnt show up
WARNING:root:Cookies didnt show up
WARNING:root:Cookies didnt show up
WARNING:root:Cookies didnt show up
INFO:root:waiting filter panel
WARNING:root:Cookies didnt show up
WARNING:root:Cookies didnt show up
WARNING:root:Cookies didnt show up
INFO:root:Setting up driver
INFO:root:Getting CoinMarketCap webpage
INFO:root:waiting column panel
WARNING:root:Cookies didnt show up
WARNING:root:Cookies didnt show up
WARNING:root:Cookies didnt show up
WARNING:root:Cookies didnt show up
WARNING:root:Cookies didnt show up
INFO:root:waiting filter panel
WARNING:root:Cookies didnt show up
WARNING:root:Cookies didnt show up
WARNING:root:Cookies didnt show up
ERROR:root:Error in filters panel
INFO:root:Setting up driver
INFO:root:Getting CoinMarketCap webpage
INFO:root:waiting column panel
WARNING:root:Cookies didnt show up
WARNING:root:Cookies didnt show up
WARNING:root:Cookies didnt show up
WARNING:root:Cookies didnt show up
WARNING:root:Cookies didnt show up
INFO:root:waiting filter panel
ERROR:root:Error in filters panel
INFO:root:Setting up driver
INFO:root:Getting CoinMarketCap webpage
INFO:root:waiting column panel
WARNING:root:Cookies didnt show up
WARNING:root:Cookies didnt show up
WARNING:root:Cookies didnt show up
WARNING:root:Cookies didnt show up
WARNING:root:Cookies didnt show up
INFO:root:waiting filter panel
WARNING:root:Cookies didnt show up
WARNING:root:Cookies didnt show up
WARNING:root:Cookies didnt show up
ERROR:root:Error in filters panel
INFO:root:Setting up driver
INFO:root:Getting CoinMarketCap webpage
INFO:root:waiting column panel
WARNING:root:Cookies didnt show up
WARNING:root:Cookies didnt show up
WARNING:root:Cookies didnt show up
WARNING:root:Cookies didnt show up
WARNING:root:Cookies didnt show up
INFO:root:Setting up driver
INFO:root:Getting CoinMarketCap webpage
INFO:root:waiting column panel
WARNING:root:Cookies didnt show up
WARNING:root:Cookies didnt show up
WARNING:root:Cookies didnt show up
WARNING:root:Cookies didnt show up
WARNING:root:Cookies didnt show up
INFO:root:Setting up driver
INFO:root:Getting CoinMarketCap webpage
INFO:root:waiting column panel
WARNING:root:Cookies didnt show up
WARNING:root:Cookies didnt show up
WARNING:root:Cookies didnt show up
WARNING:root:Cookies didnt show up
WARNING:root:Cookies didnt show up
INFO:root:Setting up driver
INFO:root:Getting CoinMarketCap webpage
INFO:root:waiting column panel
WARNING:root:Cookies didnt show up
WARNING:root:Cookies didnt show up
WARNING:root:Cookies didnt show up
WARNING:root:Cookies didnt show up
WARNING:root:Cookies didnt show up
INFO:root:Setting up driver
INFO:root:Getting CoinMarketCap webpage
INFO:root:waiting column panel
WARNING:root:Cookies didnt show up
WARNING:root:Cookies didnt show up
WARNING:root:Cookies didnt show up
WARNING:root:Cookies didnt show up
WARNING:root:Cookies didnt show up
INFO:root:waiting filter panel
WARNING:root:Cookies didnt show up
WARNING:root:Cookies didnt show up
WARNING:root:Cookies didnt show up
ERROR:root:Error in filters panel
INFO:root:Setting up driver
INFO:root:Getting CoinMarketCap webpage
INFO:root:waiting column panel
WARNING:root:Cookies didnt show up
WARNING:root:Cookies didnt show up
WARNING:root:Cookies didnt show up
WARNING:root:Cookies didnt show up
WARNING:root:Cookies didnt show up
INFO:root:waiting filter panel
WARNING:root:Cookies didnt show up
WARNING:root:Cookies didnt show up
WARNING:root:Cookies didnt show up
WARNING:root:Cookies didnt show up
ERROR:root:Error in filters panel
INFO:root:Setting up driver
INFO:root:Getting CoinMarketCap webpage
INFO:root:waiting column panel
WARNING:root:Cookies didnt show up
WARNING:root:Cookies didnt show up
WARNING:root:Cookies didnt show up
WARNING:root:Cookies didnt show up
INFO:root:waiting filter panel
WARNING:root:Cookies didnt show up
WARNING:root:Cookies didnt show up
WARNING:root:Cookies didnt show up
WARNING:root:Cookies didnt show up
WARNING:root:Cookies didnt show up
INFO:root:Setting up driver
INFO:root:Getting CoinMarketCap webpage
INFO:root:waiting column panel
WARNING:root:Cookies didnt show up
WARNING:root:Cookies didnt show up
WARNING:root:Cookies didnt show up
WARNING:root:Cookies didnt show up
WARNING:root:Cookies didnt show up
INFO:root:waiting filter panel
WARNING:root:Cookies didnt show up
WARNING:root:Cookies didnt show up
WARNING:root:Cookies didnt show up
WARNING:root:Cookies didnt show up
INFO:root:Setting up driver
INFO:root:Getting CoinMarketCap webpage
INFO:root:waiting column panel
WARNING:root:Cookies didnt show up
WARNING:root:Cookies didnt show up
WARNING:root:Cookies didnt show up
WARNING:root:Cookies didnt show up
WARNING:root:Cookies didnt show up
INFO:root:waiting filter panel
WARNING:root:Cookies didnt show up
WARNING:root:Cookies didnt show up
WARNING:root:Cookies didnt show up
WARNING:root:Cookies didnt show up
INFO:root:Setting up driver
INFO:root:Getting CoinMarketCap webpage
INFO:root:waiting column panel
WARNING:root:Cookies didnt show up
WARNING:root:Cookies didnt show up
WARNING:root:Cookies didnt show up
WARNING:root:Cookies didnt show up
WARNING:root:Cookies didnt show up
INFO:root:waiting filter panel
WARNING:root:Cookies didnt show up
WARNING:root:Cookies didnt show up
WARNING:root:Cookies didnt show up
WARNING:root:Cookies didnt show up
INFO:root:Setting up driver
INFO:root:Getting CoinMarketCap webpage
INFO:root:waiting column panel
WARNING:root:Cookies didnt show up
WARNING:root:Cookies didnt show up
WARNING:root:Cookies didnt show up
WARNING:root:Cookies didnt show up
WARNING:root:Cookies didnt show up
INFO:root:waiting filter panel
WARNING:root:Cookies didnt show up
WARNING:root:Cookies didnt show up
WARNING:root:Cookies didnt show up
WARNING:root:Cookies didnt show up
WARNING:root:Cookies didnt show up
INFO:root:Setting up driver
INFO:root:Getting CoinMarketCap webpage
INFO:root:waiting column panel
WARNING:root:Cookies didnt show up
WARNING:root:Cookies didnt show up
WARNING:root:Cookies didnt show up
WARNING:root:Cookies didnt show up
WARNING:root:Cookies didnt show up
WARNING:root:Cookies didnt show up
INFO:root:waiting filter panel
WARNING:root:Cookies didnt show up
WARNING:root:Cookies didnt show up
WARNING:root:Cookies didnt show up
WARNING:root:Cookies didnt show up
INFO:root:Setting up driver
INFO:root:Getting CoinMarketCap webpage
INFO:root:waiting column panel
WARNING:root:Cookies didnt show up
WARNING:root:Cookies didnt show up
WARNING:root:Cookies didnt show up
WARNING:root:Cookies didnt show up
WARNING:root:Cookies didnt show up
WARNING:root:Cookies didnt show up
INFO:root:waiting filter panel
WARNING:root:Cookies didnt show up
WARNING:root:Cookies didnt show up
WARNING:root:Cookies didnt show up
WARNING:root:Cookies didnt show up
INFO:root:Setting up driver
INFO:root:Getting CoinMarketCap webpage
INFO:root:waiting column panel
WARNING:root:Cookies didnt show up
WARNING:root:Cookies didnt show up
WARNING:root:Cookies didnt show up
WARNING:root:Cookies didnt show up
WARNING:root:Cookies didnt show up
WARNING:root:Cookies didnt show up
INFO:root:waiting filter panel
WARNING:root:Cookies didnt show up
WARNING:root:Cookies didnt show up
WARNING:root:Cookies didnt show up
WARNING:root:Cookies didnt show up
INFO:root:Setting up driver
INFO:root:Getting CoinMarketCap webpage
INFO:root:waiting column panel
WARNING:root:Cookies didnt show up
WARNING:root:Cookies didnt show up
WARNING:root:Cookies didnt show up
WARNING:root:Cookies didnt show up
WARNING:root:Cookies didnt show up
INFO:root:Setting up driver
INFO:root:Getting CoinMarketCap webpage
INFO:root:waiting column panel
WARNING:root:Cookies didnt show up
WARNING:root:Cookies didnt show up
WARNING:root:Cookies didnt show up
WARNING:root:Cookies didnt show up
WARNING:root:Cookies didnt show up
INFO:root:Setting up driver
INFO:root:Getting CoinMarketCap webpage
INFO:root:waiting column panel
WARNING:root:Cookies didnt show up
WARNING:root:Cookies didnt show up
WARNING:root:Cookies didnt show up
INFO:root:Setting up driver
INFO:root:Getting CoinMarketCap webpage
INFO:root:waiting column panel
WARNING:root:Cookies didnt show up
WARNING:root:Cookies didnt show up
WARNING:root:Cookies didnt show up
WARNING:root:Cookies didnt show up
INFO:root:Setting up driver
INFO:root:Getting CoinMarketCap webpage
INFO:root:waiting column panel
WARNING:root:Cookies didnt show up
WARNING:root:Cookies didnt show up
WARNING:root:Cookies didnt show up
WARNING:root:Cookies didnt show up
WARNING:root:Cookies didnt show up
WARNING:root:Cookies didnt show up
INFO:root:waiting filter panel
WARNING:root:Cookies didnt show up
WARNING:root:Cookies didnt show up
WARNING:root:Cookies didnt show up
WARNING:root:Cookies didnt show up
WARNING:root:Cookies didnt show up
INFO:root:Setting up driver
INFO:root:Getting CoinMarketCap webpage
INFO:root:waiting column panel
WARNING:root:Cookies didnt show up
WARNING:root:Cookies didnt show up
WARNING:root:Cookies didnt show up
WARNING:root:Cookies didnt show up
WARNING:root:Cookies didnt show up
WARNING:root:Cookies didnt show up
INFO:root:waiting filter panel
WARNING:root:Cookies didnt show up
WARNING:root:Cookies didnt show up
WARNING:root:Cookies didnt show up
WARNING:root:Cookies didnt show up
WARNING:root:Cookies didnt show up
INFO:root:Setting up driver
INFO:root:Getting CoinMarketCap webpage
INFO:root:waiting column panel
WARNING:root:Cookies didnt show up
WARNING:root:Cookies didnt show up
WARNING:root:Cookies didnt show up
WARNING:root:Cookies didnt show up
WARNING:root:Cookies didnt show up
WARNING:root:Cookies didnt show up
INFO:root:waiting filter panel
WARNING:root:Cookies didnt show up
WARNING:root:Cookies didnt show up
WARNING:root:Cookies didnt show up
WARNING:root:Cookies didnt show up
WARNING:root:Cookies didnt show up
INFO:root:Setting up driver
INFO:root:Getting CoinMarketCap webpage
WARNING:root:Cookies didnt show up
INFO:root:Showing columns panel
WARNING:root:Cookies didnt show up
INFO:root:column option applied: 7d %
WARNING:root:Cookies didnt show up
INFO:root:column option applied: 7d Chart
WARNING:root:Cookies didnt show up
INFO:root:column option applied: 1h %
INFO:root:column option applied: Dominance %
WARNING:root:Cookies didnt show up
INFO:root:all column options applied
INFO:root:waiting filter panel
WARNING:root:Cookies didnt show up
INFO:root:showing filters panel
WARNING:root:Cookies didnt show up
WARNING:root:Cookies didnt show up
INFO:root:filter selected
WARNING:root:Cookies didnt show up
WARNING:root:Cookies didnt show up
INFO:root:all filters option applied
INFO:root:extracting table
INFO:root:table extracted
INFO:root:table exported to csv
INFO:root:task done
INFO:root:Setting up driver
INFO:root:Getting CoinMarketCap webpage
WARNING:root:Cookies didnt show up
INFO:root:Showing columns panel
WARNING:root:Cookies didnt show up
INFO:root:column option applied: 1h %
WARNING:root:Cookies didnt show up
INFO:root:column option applied: 7d %
WARNING:root:Cookies didnt show up
INFO:root:column option applied: Dominance %
INFO:root:column option applied: 7d Chart
WARNING:root:Cookies didnt show up
INFO:root:all column options applied
INFO:root:waiting filter panel
WARNING:root:Cookies didnt show up
INFO:root:showing filters panel
WARNING:root:Cookies didnt show up
WARNING:root:Cookies didnt show up
INFO:root:filter selected
WARNING:root:Cookies didnt show up
WARNING:root:Cookies didnt show up
INFO:root:all filters option applied
INFO:root:extracting table
INFO:root:table extracted
INFO:root:table exported to csv
INFO:root:task done
INFO:root:Setting up driver
INFO:root:Getting CoinMarketCap webpage
WARNING:root:Cookies didnt show up
INFO:root:Showing columns panel
WARNING:root:Cookies didnt show up
INFO:root:column option applied: 7d %
WARNING:root:Cookies didnt show up
INFO:root:column option applied: 7d Chart
WARNING:root:Cookies didnt show up
INFO:root:column option applied: Dominance %
WARNING:root:Cookies didnt show up
INFO:root:column option applied: 1h %
INFO:root:all column options applied
INFO:root:waiting filter panel
WARNING:root:Cookies didnt show up
INFO:root:showing filters panel
WARNING:root:Cookies didnt show up
WARNING:root:Cookies didnt show up
INFO:root:filter selected
WARNING:root:Cookies didnt show up
WARNING:root:Cookies didnt show up
INFO:root:all filters option applied
INFO:root:extracting table
INFO:root:table extracted
INFO:root:table exported to csv
INFO:root:task done
INFO:root:Setting up driver
INFO:root:Getting CoinMarketCap webpage
WARNING:root:Cookies didnt show up
INFO:root:Showing columns panel
WARNING:root:Cookies didnt show up
INFO:root:column option applied: 7d Chart
WARNING:root:Cookies didnt show up
INFO:root:column option applied: Dominance %
WARNING:root:Cookies didnt show up
INFO:root:column option applied: 1h %
WARNING:root:Cookies didnt show up
INFO:root:column option applied: 7d %
INFO:root:all column options applied
INFO:root:waiting filter panel
WARNING:root:Cookies didnt show up
INFO:root:showing filters panel
WARNING:root:Cookies didnt show up
WARNING:root:Cookies didnt show up
INFO:root:filter selected
WARNING:root:Cookies didnt show up
WARNING:root:Cookies didnt show up
INFO:root:all filters option applied
INFO:root:extracting table
INFO:root:table extracted
INFO:root:task done
INFO:root:Setting up driver
INFO:root:Getting CoinMarketCap webpage
WARNING:root:Cookies didnt show up
INFO:root:Showing columns panel
WARNING:root:Cookies didnt show up
INFO:root:column option applied: 1h %
WARNING:root:Cookies didnt show up
INFO:root:column option applied: Dominance %
INFO:root:column option applied: 7d %
WARNING:root:Cookies didnt show up
INFO:root:column option applied: 7d Chart
WARNING:root:Cookies didnt show up
INFO:root:all column options applied
INFO:root:waiting filter panel
WARNING:root:Cookies didnt show up
INFO:root:showing filters panel
WARNING:root:Cookies didnt show up
WARNING:root:Cookies didnt show up
INFO:root:filter selected
WARNING:root:Cookies didnt show up
WARNING:root:Cookies didnt show up
INFO:root:all filters option applied
INFO:root:extracting table
INFO:root:table extracted
INFO:root:table exported to csv
INFO:root:task done
INFO:root:Setting up driver
INFO:root:Getting CoinMarketCap webpage
WARNING:root:Cookies didnt show up
INFO:root:Showing columns panel
WARNING:root:Cookies didnt show up
INFO:root:column option applied: 7d Chart
WARNING:root:Cookies didnt show up
INFO:root:column option applied: 7d %
WARNING:root:Cookies didnt show up
INFO:root:column option applied: 1h %
INFO:root:column option applied: Dominance %
WARNING:root:Cookies didnt show up
INFO:root:all column options applied
INFO:root:waiting filter panel
WARNING:root:Cookies didnt show up
INFO:root:showing filters panel
WARNING:root:Cookies didnt show up
WARNING:root:Cookies didnt show up
INFO:root:filter selected
WARNING:root:Cookies didnt show up
WARNING:root:Cookies didnt show up
INFO:root:all filters option applied
INFO:root:extracting table
INFO:root:task done
INFO:root:Setting up driver
INFO:root:Getting CoinMarketCap webpage
WARNING:root:Cookies didnt show up
INFO:root:Showing columns panel
WARNING:root:Cookies didnt show up
INFO:root:column option applied: 1h %
WARNING:root:Cookies didnt show up
INFO:root:column option applied: 7d Chart
WARNING:root:Cookies didnt show up
INFO:root:column option applied: 7d %
INFO:root:column option applied: Dominance %
WARNING:root:Cookies didnt show up
INFO:root:all column options applied
INFO:root:waiting filter panel
WARNING:root:Cookies didnt show up
INFO:root:showing filters panel
WARNING:root:Cookies didnt show up
WARNING:root:Cookies didnt show up
INFO:root:filter selected
WARNING:root:Cookies didnt show up
WARNING:root:Cookies didnt show up
INFO:root:all filters option applied
INFO:root:extracting table
INFO:root:table extracted
INFO:root:task done
INFO:root:Setting up driver
INFO:root:Getting CoinMarketCap webpage
WARNING:root:Cookies didnt show up
INFO:root:Showing columns panel
WARNING:root:Cookies didnt show up
INFO:root:column option applied: 1h %
WARNING:root:Cookies didnt show up
INFO:root:column option applied: 7d %
WARNING:root:Cookies didnt show up
INFO:root:column option applied: 7d Chart
INFO:root:column option applied: Dominance %
WARNING:root:Cookies didnt show up
INFO:root:all column options applied
INFO:root:waiting filter panel
WARNING:root:Cookies didnt show up
INFO:root:showing filters panel
WARNING:root:Cookies didnt show up
WARNING:root:Cookies didnt show up
INFO:root:filter selected
WARNING:root:Cookies didnt show up
WARNING:root:Cookies didnt show up
INFO:root:all filters option applied
INFO:root:extracting table
INFO:root:table extracted
INFO:root:table exported to csv
INFO:root:task done
INFO:root:Setting up driver
INFO:root:Getting CoinMarketCap webpage
WARNING:root:Cookies didnt show up
INFO:root:Showing columns panel
WARNING:root:Cookies didnt show up
INFO:root:column option applied: 1h %
WARNING:root:Cookies didnt show up
INFO:root:column option applied: 7d Chart
WARNING:root:Cookies didnt show up
INFO:root:column option applied: Dominance %
WARNING:root:Cookies didnt show up
INFO:root:column option applied: 7d %
INFO:root:all column options applied
INFO:root:waiting filter panel
WARNING:root:Cookies didnt show up
INFO:root:showing filters panel
WARNING:root:Cookies didnt show up
WARNING:root:Cookies didnt show up
INFO:root:filter selected
WARNING:root:Cookies didnt show up
WARNING:root:Cookies didnt show up
INFO:root:all filters option applied
INFO:root:extracting table
INFO:root:Setting up driver
INFO:root:Getting CoinMarketCap webpage
WARNING:root:Cookies didnt show up
INFO:root:Showing columns panel
WARNING:root:Cookies didnt show up
INFO:root:column option applied: 1h %
WARNING:root:Cookies didnt show up
INFO:root:column option applied: 7d Chart
WARNING:root:Cookies didnt show up
INFO:root:column option applied: Dominance %
WARNING:root:Cookies didnt show up
INFO:root:column option applied: 7d %
INFO:root:all column options applied
INFO:root:waiting filter panel
WARNING:root:Cookies didnt show up
INFO:root:showing filters panel
WARNING:root:Cookies didnt show up
WARNING:root:Cookies didnt show up
INFO:root:filter selected
WARNING:root:Cookies didnt show up
WARNING:root:Cookies didnt show up
INFO:root:all filters option applied
INFO:root:extracting table
INFO:root:Setting up driver
INFO:root:Getting CoinMarketCap webpage
WARNING:root:Cookies didnt show up
INFO:root:Showing columns panel
WARNING:root:Cookies didnt show up
INFO:root:column option applied: 7d Chart
WARNING:root:Cookies didnt show up
INFO:root:column option applied: 7d %
WARNING:root:Cookies didnt show up
INFO:root:column option applied: 1h %
INFO:root:column option applied: Dominance %
WARNING:root:Cookies didnt show up
INFO:root:all column options applied
INFO:root:waiting filter panel
WARNING:root:Cookies didnt show up
INFO:root:showing filters panel
WARNING:root:Cookies didnt show up
WARNING:root:Cookies didnt show up
INFO:root:filter selected
WARNING:root:Cookies didnt show up
WARNING:root:Cookies didnt show up
INFO:root:all filters option applied
INFO:root:extracting table
INFO:root:table extracted
INFO:root:table exported to csv
INFO:root:task done
INFO:root:Setting up driver
INFO:root:Getting CoinMarketCap webpage
WARNING:root:Cookies didnt show up
INFO:root:Showing columns panel
WARNING:root:Cookies didnt show up
INFO:root:column option applied: 1h %
WARNING:root:Cookies didnt show up
INFO:root:column option applied: 7d Chart
WARNING:root:Cookies didnt show up
INFO:root:column option applied: 7d %
INFO:root:Setting up driver
INFO:root:Getting CoinMarketCap webpage
WARNING:root:Cookies didnt show up
INFO:root:Showing columns panel
WARNING:root:Cookies didnt show up
INFO:root:column option applied: 1h %
WARNING:root:Cookies didnt show up
INFO:root:column option applied: 7d %
WARNING:root:Cookies didnt show up
INFO:root:column option applied: Dominance %
WARNING:root:Cookies didnt show up
INFO:root:column option applied: 7d Chart
INFO:root:all column options applied
INFO:root:waiting filter panel
WARNING:root:Cookies didnt show up
INFO:root:showing filters panel
WARNING:root:Cookies didnt show up
WARNING:root:Cookies didnt show up
INFO:root:filter selected
WARNING:root:Cookies didnt show up
WARNING:root:Cookies didnt show up
INFO:root:all filters option applied
INFO:root:extracting table
ERROR:root:Error in table extraction
INFO:root:task done
INFO:root:Setting up driver
INFO:root:Getting CoinMarketCap webpage
WARNING:root:Cookies didnt show up
INFO:root:Showing columns panel
WARNING:root:Cookies didnt show up
INFO:root:column option applied: 7d %
WARNING:root:Cookies didnt show up
INFO:root:column option applied: 1h %
WARNING:root:Cookies didnt show up
INFO:root:column option applied: 7d Chart
WARNING:root:Cookies didnt show up
INFO:root:column option applied: Dominance %
INFO:root:all column options applied
INFO:root:waiting filter panel
WARNING:root:Cookies didnt show up
INFO:root:showing filters panel
WARNING:root:Cookies didnt show up
WARNING:root:Cookies didnt show up
INFO:root:filter selected
WARNING:root:Cookies didnt show up
WARNING:root:Cookies didnt show up
INFO:root:all filters option applied
INFO:root:extracting table
ERROR:root:Error in table extraction
INFO:root:task done
INFO:root:Setting up driver
INFO:root:Getting CoinMarketCap webpage
WARNING:root:Cookies didnt show up
INFO:root:Setting up driver
INFO:root:Getting CoinMarketCap webpage
WARNING:root:Cookies didnt show up
INFO:root:Showing columns panel
WARNING:root:Cookies didnt show up
INFO:root:column option applied: 7d Chart
WARNING:root:Cookies didnt show up
INFO:root:column option applied: Dominance %
WARNING:root:Cookies didnt show up
INFO:root:column option applied: 7d %
INFO:root:column option applied: 1h %
WARNING:root:Cookies didnt show up
INFO:root:all column options applied
INFO:root:waiting filter panel
WARNING:root:Cookies didnt show up
INFO:root:showing filters panel
WARNING:root:Cookies didnt show up
WARNING:root:Cookies didnt show up
INFO:root:filter selected
WARNING:root:Cookies didnt show up
WARNING:root:Cookies didnt show up
INFO:root:all filters option applied
INFO:root:extracting table
INFO:root:table extracted
INFO:root:table exported to csv
INFO:root:task done
INFO:root:Setting up driver
INFO:root:Getting CoinMarketCap webpage
WARNING:root:Cookies didnt show up
INFO:root:Showing columns panel
WARNING:root:Cookies didnt show up
INFO:root:column option applied: 1h %
WARNING:root:Cookies didnt show up
INFO:root:column option applied: 7d Chart
INFO:root:column option applied: 7d %
WARNING:root:Cookies didnt show up
INFO:root:column option applied: Dominance %
WARNING:root:Cookies didnt show up
INFO:root:all column options applied
INFO:root:waiting filter panel
WARNING:root:Cookies didnt show up
INFO:root:showing filters panel
WARNING:root:Cookies didnt show up
WARNING:root:Cookies didnt show up
INFO:root:filter selected
WARNING:root:Cookies didnt show up
WARNING:root:Cookies didnt show up
INFO:root:all filters option applied
INFO:root:extracting table
ERROR:root:Error in table extraction
INFO:root:task done
INFO:root:Setting up driver
INFO:root:Getting CoinMarketCap webpage
WARNING:root:Cookies didnt show up
INFO:root:Showing columns panel
WARNING:root:Cookies didnt show up
INFO:root:column option applied: 7d Chart
WARNING:root:Cookies didnt show up
INFO:root:column option applied: 7d %
INFO:root:column option applied: Dominance %
WARNING:root:Cookies didnt show up
INFO:root:column option applied: 1h %
WARNING:root:Cookies didnt show up
INFO:root:all column options applied
INFO:root:waiting filter panel
WARNING:root:Cookies didnt show up
INFO:root:showing filters panel
WARNING:root:Cookies didnt show up
WARNING:root:Cookies didnt show up
INFO:root:filter selected
WARNING:root:Cookies didnt show up
WARNING:root:Cookies didnt show up
INFO:root:all filters option applied
INFO:root:extracting table
ERROR:root:Error in table extraction
INFO:root:task done
INFO:root:Setting up driver
INFO:root:Getting CoinMarketCap webpage
WARNING:root:Cookies didnt show up
INFO:root:Showing columns panel
WARNING:root:Cookies didnt show up
INFO:root:column option applied: 1h %
WARNING:root:Cookies didnt show up
INFO:root:column option applied: Dominance %
INFO:root:column option applied: 7d Chart
WARNING:root:Cookies didnt show up
INFO:root:column option applied: 7d %
WARNING:root:Cookies didnt show up
INFO:root:all column options applied
INFO:root:waiting filter panel
WARNING:root:Cookies didnt show up
INFO:root:showing filters panel
WARNING:root:Cookies didnt show up
WARNING:root:Cookies didnt show up
INFO:root:filter selected
WARNING:root:Cookies didnt show up
WARNING:root:Cookies didnt show up
INFO:root:all filters option applied
INFO:root:extracting table
INFO:root:task done
INFO:root:Setting up driver
INFO:root:Getting CoinMarketCap webpage
WARNING:root:Cookies didnt show up
INFO:root:Showing columns panel
WARNING:root:Cookies didnt show up
INFO:root:column option applied: Dominance %
INFO:root:column option applied: 7d %
WARNING:root:Cookies didnt show up
INFO:root:column option applied: 1h %
WARNING:root:Cookies didnt show up
INFO:root:column option applied: 7d Chart
WARNING:root:Cookies didnt show up
INFO:root:all column options applied
INFO:root:waiting filter panel
WARNING:root:Cookies didnt show up
INFO:root:showing filters panel
WARNING:root:Cookies didnt show up
WARNING:root:Cookies didnt show up
INFO:root:filter selected
WARNING:root:Cookies didnt show up
WARNING:root:Cookies didnt show up
INFO:root:all filters option applied
INFO:root:extracting table
INFO:root:table extracted
INFO:root:table exported to csv
INFO:root:task done
INFO:root:Setting up driver
INFO:root:Getting CoinMarketCap webpage
WARNING:root:Cookies didnt show up
INFO:root:Showing columns panel
WARNING:root:Cookies didnt show up
INFO:root:column option applied: 7d %
WARNING:root:Cookies didnt show up
INFO:root:column option applied: 1h %
INFO:root:column option applied: 7d Chart
WARNING:root:Cookies didnt show up
INFO:root:column option applied: Dominance %
WARNING:root:Cookies didnt show up
INFO:root:all column options applied
INFO:root:waiting filter panel
WARNING:root:Cookies didnt show up
INFO:root:showing filters panel
WARNING:root:Cookies didnt show up
WARNING:root:Cookies didnt show up
INFO:root:filter selected
WARNING:root:Cookies didnt show up
WARNING:root:Cookies didnt show up
INFO:root:all filters option applied
INFO:root:extracting table
ERROR:root:Error in table extraction
INFO:root:task done
INFO:root:Setting up driver
INFO:root:Getting CoinMarketCap webpage
WARNING:root:Cookies didnt show up
INFO:root:Showing columns panel
WARNING:root:Cookies didnt show up
INFO:root:column option applied: Dominance %
WARNING:root:Cookies didnt show up
INFO:root:column option applied: 1h %
WARNING:root:Cookies didnt show up
INFO:root:column option applied: 7d Chart
INFO:root:column option applied: 7d %
WARNING:root:Cookies didnt show up
INFO:root:all column options applied
INFO:root:waiting filter panel
WARNING:root:Cookies didnt show up
INFO:root:showing filters panel
WARNING:root:Cookies didnt show up
WARNING:root:Cookies didnt show up
INFO:root:filter selected
WARNING:root:Cookies didnt show up
WARNING:root:Cookies didnt show up
INFO:root:all filters option applied
INFO:root:extracting table
INFO:root:table extracted
INFO:root:table exported to csv
INFO:root:task done
INFO:root:Setting up driver
INFO:root:Getting CoinMarketCap webpage
WARNING:root:Cookies didnt show up
INFO:root:Showing columns panel
WARNING:root:Cookies didnt show up
INFO:root:column option applied: Dominance %
WARNING:root:Cookies didnt show up
INFO:root:column option applied: 7d %
INFO:root:column option applied: 7d Chart
WARNING:root:Cookies didnt show up
INFO:root:column option applied: 1h %
WARNING:root:Cookies didnt show up
INFO:root:all column options applied
INFO:root:waiting filter panel
WARNING:root:Cookies didnt show up
INFO:root:showing filters panel
WARNING:root:Cookies didnt show up
WARNING:root:Cookies didnt show up
INFO:root:filter selected
WARNING:root:Cookies didnt show up
WARNING:root:Cookies didnt show up
INFO:root:all filters option applied
INFO:root:extracting table
INFO:root:table extracted
INFO:root:table exported to csv
INFO:root:task done
